[ 2016-01-28T11:17:41+08:00 ] ::1 /getEchoMusic/getEchoMusicBeta4.0/
INFO: [ app_init ] --START--
INFO: Run Behavior\BuildLiteBehavior [ RunTime:0.000000s ]
INFO: [ app_init ] --END-- [ RunTime:0.005001s ]
ERR: 1146:Table 'echomusic.sp_channel_list' doesn't exist
 [ SQL语句 ] : SHOW COLUMNS FROM `sp_channel_list`

[ 2016-01-28T11:17:43+08:00 ] ::1 /getEchoMusic/getEchoMusicBeta4.0/
INFO: [ app_init ] --START--
INFO: Run Behavior\BuildLiteBehavior [ RunTime:0.000000s ]
INFO: [ app_init ] --END-- [ RunTime:0.001000s ]
ERR: 1146:Table 'echomusic.sp_channel_list' doesn't exist
 [ SQL语句 ] : SHOW COLUMNS FROM `sp_channel_list`

[ 2016-01-28T11:18:41+08:00 ] ::1 /getEchoMusic/getEchoMusicBeta4.0/
INFO: [ app_init ] --START--
INFO: Run Behavior\BuildLiteBehavior [ RunTime:0.000000s ]
INFO: [ app_init ] --END-- [ RunTime:0.001000s ]

[ 2016-01-28T11:27:43+08:00 ] ::1 /getEchoMusic/getEchoMusicBeta4.0/
INFO: [ app_init ] --START--
INFO: Run Behavior\BuildLiteBehavior [ RunTime:0.000000s ]
INFO: [ app_init ] --END-- [ RunTime:0.001000s ]

[ 2016-01-28T11:28:04+08:00 ] ::1 /getEchoMusic/getEchoMusicBeta4.0/
INFO: [ app_init ] --START--
INFO: Run Behavior\BuildLiteBehavior [ RunTime:0.000000s ]
INFO: [ app_init ] --END-- [ RunTime:0.001000s ]

[ 2016-01-28T11:28:50+08:00 ] ::1 /getEchoMusic/getEchoMusicBeta4.0/
INFO: [ app_init ] --START--
INFO: Run Behavior\BuildLiteBehavior [ RunTime:0.000000s ]
INFO: [ app_init ] --END-- [ RunTime:0.001001s ]

[ 2016-01-28T11:35:10+08:00 ] ::1 /getEchoMusic/getEchoMusicBeta4.0/
INFO: [ app_init ] --START--
INFO: Run Behavior\BuildLiteBehavior [ RunTime:0.000000s ]
INFO: [ app_init ] --END-- [ RunTime:0.001000s ]

[ 2016-01-28T11:35:40+08:00 ] ::1 /getEchoMusic/getEchoMusicBeta4.0/
INFO: [ app_init ] --START--
INFO: Run Behavior\BuildLiteBehavior [ RunTime:0.000000s ]
INFO: [ app_init ] --END-- [ RunTime:0.001000s ]

[ 2016-01-28T11:37:05+08:00 ] ::1 /getEchoMusic/getEchoMusicBeta4.0/
INFO: [ app_init ] --START--
INFO: Run Behavior\BuildLiteBehavior [ RunTime:0.000000s ]
INFO: [ app_init ] --END-- [ RunTime:0.001000s ]

[ 2016-01-28T11:37:30+08:00 ] ::1 /getEchoMusic/getEchoMusicBeta4.0/
INFO: [ app_init ] --START--
INFO: Run Behavior\BuildLiteBehavior [ RunTime:0.000000s ]
INFO: [ app_init ] --END-- [ RunTime:0.001000s ]

[ 2016-01-28T11:39:27+08:00 ] ::1 /getEchoMusic/getEchoMusicBeta4.0/
INFO: [ app_init ] --START--
INFO: Run Behavior\BuildLiteBehavior [ RunTime:0.000000s ]
INFO: [ app_init ] --END-- [ RunTime:0.000000s ]

[ 2016-01-28T11:39:53+08:00 ] ::1 /getEchoMusic/getEchoMusicBeta4.0/
INFO: [ app_init ] --START--
INFO: Run Behavior\BuildLiteBehavior [ RunTime:0.000000s ]
INFO: [ app_init ] --END-- [ RunTime:0.001000s ]

[ 2016-01-28T11:40:22+08:00 ] ::1 /getEchoMusic/getEchoMusicBeta4.0/
INFO: [ app_init ] --START--
INFO: Run Behavior\BuildLiteBehavior [ RunTime:0.000000s ]
INFO: [ app_init ] --END-- [ RunTime:0.000000s ]

[ 2016-01-28T11:41:28+08:00 ] ::1 /getEchoMusic/getEchoMusicBeta4.0/
INFO: [ app_init ] --START--
INFO: Run Behavior\BuildLiteBehavior [ RunTime:0.000000s ]
INFO: [ app_init ] --END-- [ RunTime:0.001000s ]

[ 2016-01-28T11:57:46+08:00 ] ::1 /getEchoMusic/getEchoMusicBeta4.0/
INFO: [ app_init ] --START--
INFO: Run Behavior\BuildLiteBehavior [ RunTime:0.000000s ]
INFO: [ app_init ] --END-- [ RunTime:0.000000s ]

[ 2016-01-28T11:58:08+08:00 ] ::1 /getEchoMusic/getEchoMusicBeta4.0/
INFO: [ app_init ] --START--
INFO: Run Behavior\BuildLiteBehavior [ RunTime:0.000000s ]
INFO: [ app_init ] --END-- [ RunTime:0.001000s ]

[ 2016-01-28T11:59:40+08:00 ] ::1 /getEchoMusic/getEchoMusicBeta4.0/
INFO: [ app_init ] --START--
INFO: Run Behavior\BuildLiteBehavior [ RunTime:0.000000s ]
INFO: [ app_init ] --END-- [ RunTime:0.001000s ]

[ 2016-01-28T12:01:58+08:00 ] ::1 /getEchoMusic/getEchoMusicBeta4.0/
INFO: [ app_init ] --START--
INFO: Run Behavior\BuildLiteBehavior [ RunTime:0.000000s ]
INFO: [ app_init ] --END-- [ RunTime:0.001000s ]
ERR: 1062:Duplicate entry '0' for key 'PRIMARY'
 [ SQL语句 ] : INSERT INTO `em_channel_list` (`title`,`url`) VALUES ('3D音乐奇幻旋律馆','/channel/1155'),('3D音效奇妙听觉馆','/channel/1091'),('高手在民间','/channel/214'),('欧美流行指南','/channel/190'),('一不开心就戴耳机','/channel/84'),('双声道联袂馆','/channel/1156'),('运动的时候听什么','/channel/57'),('那些好听的明星翻唱','/channel/1138'),('日韩流行乐','/channel/211'),('闲散的轻音乐时光','/channel/118'),('那些独立小清新','/channel/24'),('非正常声音表情研究中心','/channel/63'),('节奏感最重要了','/channel/55'),('做一名优秀的DJ','/channel/19'),('民谣万岁','/channel/189'),('最美叫床声','/channel/52')

[ 2016-01-28T12:03:18+08:00 ] ::1 /getEchoMusic/getEchoMusicBeta4.0/
INFO: [ app_init ] --START--
INFO: Run Behavior\BuildLiteBehavior [ RunTime:0.000000s ]
INFO: [ app_init ] --END-- [ RunTime:0.001000s ]
ERR: 1062:Duplicate entry '0' for key 'PRIMARY'
 [ SQL语句 ] : INSERT INTO `em_channel_list` (`title`,`url`) VALUES ('3D音乐奇幻旋律馆','/channel/1155')

[ 2016-01-28T12:04:04+08:00 ] ::1 /getEchoMusic/getEchoMusicBeta4.0/
INFO: [ app_init ] --START--
INFO: Run Behavior\BuildLiteBehavior [ RunTime:0.000000s ]
INFO: [ app_init ] --END-- [ RunTime:0.000000s ]

[ 2016-01-28T12:04:53+08:00 ] ::1 /getEchoMusic/getEchoMusicBeta4.0/
INFO: [ app_init ] --START--
INFO: Run Behavior\BuildLiteBehavior [ RunTime:0.000000s ]
INFO: [ app_init ] --END-- [ RunTime:0.001000s ]

[ 2016-01-28T12:04:56+08:00 ] ::1 /getEchoMusic/getEchoMusicBeta4.0/
INFO: [ app_init ] --START--
INFO: Run Behavior\BuildLiteBehavior [ RunTime:0.001000s ]
INFO: [ app_init ] --END-- [ RunTime:0.001000s ]

[ 2016-01-28T12:05:02+08:00 ] ::1 /getEchoMusic/getEchoMusicBeta4.0/
INFO: [ app_init ] --START--
INFO: Run Behavior\BuildLiteBehavior [ RunTime:0.000000s ]
INFO: [ app_init ] --END-- [ RunTime:0.000000s ]

[ 2016-01-28T12:05:26+08:00 ] ::1 /getEchoMusic/getEchoMusicBeta4.0/
INFO: [ app_init ] --START--
INFO: Run Behavior\BuildLiteBehavior [ RunTime:0.000000s ]
INFO: [ app_init ] --END-- [ RunTime:0.001000s ]

[ 2016-01-28T12:05:28+08:00 ] ::1 /getEchoMusic/getEchoMusicBeta4.0/
INFO: [ app_init ] --START--
INFO: Run Behavior\BuildLiteBehavior [ RunTime:0.001000s ]
INFO: [ app_init ] --END-- [ RunTime:0.001000s ]

[ 2016-01-28T12:09:13+08:00 ] ::1 /getEchoMusic/getEchoMusicBeta4.0/
INFO: [ app_init ] --START--
INFO: Run Behavior\BuildLiteBehavior [ RunTime:0.000000s ]
INFO: [ app_init ] --END-- [ RunTime:0.000000s ]

[ 2016-01-28T12:10:51+08:00 ] ::1 /getEchoMusic/getEchoMusicBeta4.0/
INFO: [ app_init ] --START--
INFO: Run Behavior\BuildLiteBehavior [ RunTime:0.000000s ]
INFO: [ app_init ] --END-- [ RunTime:0.001000s ]

[ 2016-01-28T12:16:05+08:00 ] ::1 /getEchoMusic/getEchoMusicBeta4.0/
INFO: [ app_init ] --START--
INFO: Run Behavior\BuildLiteBehavior [ RunTime:0.000000s ]
INFO: [ app_init ] --END-- [ RunTime:0.003000s ]

[ 2016-01-28T12:16:08+08:00 ] ::1 /getEchoMusic/getEchoMusicBeta4.0/
INFO: [ app_init ] --START--
INFO: Run Behavior\BuildLiteBehavior [ RunTime:0.000000s ]
INFO: [ app_init ] --END-- [ RunTime:0.000000s ]

[ 2016-01-28T12:16:26+08:00 ] ::1 /getEchoMusic/getEchoMusicBeta4.0/
INFO: [ app_init ] --START--
INFO: Run Behavior\BuildLiteBehavior [ RunTime:0.000000s ]
INFO: [ app_init ] --END-- [ RunTime:0.000000s ]

[ 2016-01-28T12:31:07+08:00 ] ::1 /getEchoMusic/getEchoMusicBeta4.0/index.php/Home/Index/getChannelList
INFO: [ app_init ] --START--
INFO: Run Behavior\BuildLiteBehavior [ RunTime:0.000000s ]
INFO: [ app_init ] --END-- [ RunTime:0.001000s ]

[ 2016-01-28T12:38:03+08:00 ] ::1 /getEchoMusic/getEchoMusicBeta4.0/index.php/Home/Index/getChannelList
INFO: [ app_init ] --START--
INFO: Run Behavior\BuildLiteBehavior [ RunTime:0.000000s ]
INFO: [ app_init ] --END-- [ RunTime:0.003001s ]

[ 2016-01-28T12:38:13+08:00 ] ::1 /getEchoMusic/getEchoMusicBeta4.0/index.php/Home/Index/getChannelList
INFO: [ app_init ] --START--
INFO: Run Behavior\BuildLiteBehavior [ RunTime:0.000000s ]
INFO: [ app_init ] --END-- [ RunTime:0.001000s ]

[ 2016-01-28T12:39:06+08:00 ] ::1 /getEchoMusic/getEchoMusicBeta4.0/index.php/Home/Index/getChannelList
INFO: [ app_init ] --START--
INFO: Run Behavior\BuildLiteBehavior [ RunTime:0.001000s ]
INFO: [ app_init ] --END-- [ RunTime:0.001000s ]

[ 2016-01-28T12:39:34+08:00 ] ::1 /getEchoMusic/getEchoMusicBeta4.0/index.php/Home/Index/getChannelList
INFO: [ app_init ] --START--
INFO: Run Behavior\BuildLiteBehavior [ RunTime:0.000000s ]
INFO: [ app_init ] --END-- [ RunTime:0.001001s ]

[ 2016-01-28T12:39:38+08:00 ] ::1 /getEchoMusic/getEchoMusicBeta4.0/index.php/Home/Index/getChannelList
INFO: [ app_init ] --START--
INFO: Run Behavior\BuildLiteBehavior [ RunTime:0.000000s ]
INFO: [ app_init ] --END-- [ RunTime:0.001000s ]

[ 2016-01-28T12:40:25+08:00 ] ::1 /getEchoMusic/getEchoMusicBeta4.0/index.php/Home/Index/getChannelList
INFO: [ app_init ] --START--
INFO: Run Behavior\BuildLiteBehavior [ RunTime:0.000000s ]
INFO: [ app_init ] --END-- [ RunTime:0.001000s ]

[ 2016-01-28T12:42:23+08:00 ] ::1 /getEchoMusic/getEchoMusicBeta4.0/index.php/Home/Index/getChannelList
INFO: [ app_init ] --START--
INFO: Run Behavior\BuildLiteBehavior [ RunTime:0.001000s ]
INFO: [ app_init ] --END-- [ RunTime:0.003000s ]

[ 2016-01-28T12:47:25+08:00 ] ::1 /getEchoMusic/getEchoMusicBeta4.0/index.php/Home/Index/getChannelList
INFO: [ app_init ] --START--
INFO: Run Behavior\BuildLiteBehavior [ RunTime:0.001000s ]
INFO: [ app_init ] --END-- [ RunTime:0.001000s ]

[ 2016-01-28T12:48:23+08:00 ] ::1 /getEchoMusic/getEchoMusicBeta4.0/index.php/Home/Index/getChannelList
INFO: [ app_init ] --START--
INFO: Run Behavior\BuildLiteBehavior [ RunTime:0.000000s ]
INFO: [ app_init ] --END-- [ RunTime:0.001000s ]

[ 2016-01-28T12:49:11+08:00 ] ::1 /getEchoMusic/getEchoMusicBeta4.0/index.php/Home/Index/getChannelList
INFO: [ app_init ] --START--
INFO: Run Behavior\BuildLiteBehavior [ RunTime:0.000000s ]
INFO: [ app_init ] --END-- [ RunTime:0.001000s ]

[ 2016-01-28T12:49:44+08:00 ] ::1 /getEchoMusic/getEchoMusicBeta4.0/index.php/Home/Index/getChannelList
INFO: [ app_init ] --START--
INFO: Run Behavior\BuildLiteBehavior [ RunTime:0.000000s ]
INFO: [ app_init ] --END-- [ RunTime:0.052003s ]

[ 2016-01-28T12:51:38+08:00 ] ::1 /getEchoMusic/getEchoMusicBeta4.0/index.php/Home/Index/getChannelList
INFO: [ app_init ] --START--
INFO: Run Behavior\BuildLiteBehavior [ RunTime:0.000000s ]
INFO: [ app_init ] --END-- [ RunTime:0.001001s ]
ERR: 1062:Duplicate entry '0' for key 'PRIMARY'
 [ SQL语句 ] : INSERT INTO `em_channel_list` (`title`,`url`) VALUES ('3D音乐奇幻旋律馆','/channel/1155'),('3D音效奇妙听觉馆','/channel/1091'),('高手在民间','/channel/214'),('欧美流行指南','/channel/190'),('一不开心就戴耳机','/channel/84'),('双声道联袂馆','/channel/1156'),('运动的时候听什么','/channel/57'),('那些好听的明星翻唱','/channel/1138'),('日韩流行乐','/channel/211'),('闲散的轻音乐时光','/channel/118'),('那些独立小清新','/channel/24'),('非正常声音表情研究中心','/channel/63'),('节奏感最重要了','/channel/55'),('做一名优秀的DJ','/channel/19'),('民谣万岁','/channel/189'),('最美叫床声','/channel/52')

[ 2016-01-28T12:52:04+08:00 ] ::1 /getEchoMusic/getEchoMusicBeta4.0/index.php/Home/Index/getChannelList
INFO: [ app_init ] --START--
INFO: Run Behavior\BuildLiteBehavior [ RunTime:0.000000s ]
INFO: [ app_init ] --END-- [ RunTime:0.001000s ]

[ 2016-01-28T12:52:39+08:00 ] ::1 /getEchoMusic/getEchoMusicBeta4.0/index.php/Home/Index/getChannelList
INFO: [ app_init ] --START--
INFO: Run Behavior\BuildLiteBehavior [ RunTime:0.000000s ]
INFO: [ app_init ] --END-- [ RunTime:0.001000s ]

[ 2016-01-28T12:54:04+08:00 ] ::1 /getEchoMusic/getEchoMusicBeta4.0/index.php/Home/Index/getChannelList
INFO: [ app_init ] --START--
INFO: Run Behavior\BuildLiteBehavior [ RunTime:0.000000s ]
INFO: [ app_init ] --END-- [ RunTime:0.001000s ]

[ 2016-01-28T12:55:26+08:00 ] ::1 /getEchoMusic/getEchoMusicBeta4.0/index.php/Home/Index/getChannelList
INFO: [ app_init ] --START--
INFO: Run Behavior\BuildLiteBehavior [ RunTime:0.000000s ]
INFO: [ app_init ] --END-- [ RunTime:0.000000s ]

[ 2016-01-28T12:57:00+08:00 ] ::1 /getEchoMusic/getEchoMusicBeta4.0/index.php/Home/Index/getChannelList
INFO: [ app_init ] --START--
INFO: Run Behavior\BuildLiteBehavior [ RunTime:0.000000s ]
INFO: [ app_init ] --END-- [ RunTime:0.002001s ]

[ 2016-01-28T12:58:10+08:00 ] ::1 /getEchoMusic/getEchoMusicBeta4.0/index.php/Home/Index/getChannelList
INFO: [ app_init ] --START--
INFO: Run Behavior\BuildLiteBehavior [ RunTime:0.000000s ]
INFO: [ app_init ] --END-- [ RunTime:0.001000s ]

[ 2016-01-28T12:59:26+08:00 ] ::1 /getEchoMusic/getEchoMusicBeta4.0/index.php/Home/Index/getChannelList
INFO: [ app_init ] --START--
INFO: Run Behavior\BuildLiteBehavior [ RunTime:0.000000s ]
INFO: [ app_init ] --END-- [ RunTime:0.000000s ]

[ 2016-01-28T13:00:11+08:00 ] ::1 /getEchoMusic/getEchoMusicBeta4.0/index.php/Home/Index/getChannelList
INFO: [ app_init ] --START--
INFO: Run Behavior\BuildLiteBehavior [ RunTime:0.001000s ]
INFO: [ app_init ] --END-- [ RunTime:0.002000s ]

[ 2016-01-28T13:00:50+08:00 ] ::1 /getEchoMusic/getEchoMusicBeta4.0/index.php/Home/Index/getChannelList
INFO: [ app_init ] --START--
INFO: Run Behavior\BuildLiteBehavior [ RunTime:0.000000s ]
INFO: [ app_init ] --END-- [ RunTime:0.001001s ]

[ 2016-01-28T13:02:57+08:00 ] ::1 /getEchoMusic/getEchoMusicBeta4.0/index.php/Home/Index/getChannelList
INFO: [ app_init ] --START--
INFO: Run Behavior\BuildLiteBehavior [ RunTime:0.000000s ]
INFO: [ app_init ] --END-- [ RunTime:0.001000s ]

[ 2016-01-28T13:03:57+08:00 ] ::1 /getEchoMusic/getEchoMusicBeta4.0/index.php/Home/Index/index
INFO: [ app_init ] --START--
INFO: Run Behavior\BuildLiteBehavior [ RunTime:0.000000s ]
INFO: [ app_init ] --END-- [ RunTime:0.003000s ]

[ 2016-01-28T13:04:07+08:00 ] ::1 /getEchoMusic/getEchoMusicBeta4.0/index.php/Home/Index/index
INFO: [ app_init ] --START--
INFO: Run Behavior\BuildLiteBehavior [ RunTime:0.000000s ]
INFO: [ app_init ] --END-- [ RunTime:0.001000s ]

[ 2016-01-28T13:06:12+08:00 ] ::1 /getEchoMusic/getEchoMusicBeta4.0/index.php/Home/Index/index
INFO: [ app_init ] --START--
INFO: Run Behavior\BuildLiteBehavior [ RunTime:0.000000s ]
INFO: [ app_init ] --END-- [ RunTime:0.001001s ]

[ 2016-01-28T13:09:03+08:00 ] ::1 /getEchoMusic/getEchoMusicBeta4.0/index.php/Home/Index/index
INFO: [ app_init ] --START--
INFO: Run Behavior\BuildLiteBehavior [ RunTime:0.000000s ]
INFO: [ app_init ] --END-- [ RunTime:0.003000s ]

[ 2016-01-28T13:15:11+08:00 ] ::1 /getEchoMusic/getEchoMusicBeta4.0/index.php/Home/Index/index
INFO: [ app_init ] --START--
INFO: Run Behavior\BuildLiteBehavior [ RunTime:0.000000s ]
INFO: [ app_init ] --END-- [ RunTime:0.001000s ]

[ 2016-01-28T13:16:25+08:00 ] ::1 /getEchoMusic/getEchoMusicBeta4.0/index.php/Home/Index/index
INFO: [ app_init ] --START--
INFO: Run Behavior\BuildLiteBehavior [ RunTime:0.000000s ]
INFO: [ app_init ] --END-- [ RunTime:0.000000s ]

[ 2016-01-28T13:17:05+08:00 ] ::1 /getEchoMusic/getEchoMusicBeta4.0/index.php/Home/Index/index
INFO: [ app_init ] --START--
INFO: Run Behavior\BuildLiteBehavior [ RunTime:0.001000s ]
INFO: [ app_init ] --END-- [ RunTime:0.002000s ]

[ 2016-01-28T13:17:57+08:00 ] ::1 /getEchoMusic/getEchoMusicBeta4.0/index.php/Home/Index/index
INFO: [ app_init ] --START--
INFO: Run Behavior\BuildLiteBehavior [ RunTime:0.000000s ]
INFO: [ app_init ] --END-- [ RunTime:0.001000s ]

[ 2016-01-28T13:23:39+08:00 ] ::1 /getEchoMusic/getEchoMusicBeta4.0/index.php/Home/Index/index
INFO: [ app_init ] --START--
INFO: Run Behavior\BuildLiteBehavior [ RunTime:0.000000s ]
INFO: [ app_init ] --END-- [ RunTime:0.001000s ]

[ 2016-01-28T13:24:17+08:00 ] ::1 /getEchoMusic/getEchoMusicBeta4.0/index.php/Home/Index/index
INFO: [ app_init ] --START--
INFO: Run Behavior\BuildLiteBehavior [ RunTime:0.000000s ]
INFO: [ app_init ] --END-- [ RunTime:0.002000s ]

[ 2016-01-28T13:26:09+08:00 ] ::1 /getEchoMusic/getEchoMusicBeta4.0/index.php/Home/Index/index
INFO: [ app_init ] --START--
INFO: Run Behavior\BuildLiteBehavior [ RunTime:0.000000s ]
INFO: [ app_init ] --END-- [ RunTime:0.001000s ]

[ 2016-01-28T13:30:04+08:00 ] ::1 /getEchoMusic/getEchoMusicBeta4.0/index.php/Home/Index/index
INFO: [ app_init ] --START--
INFO: Run Behavior\BuildLiteBehavior [ RunTime:0.000000s ]
INFO: [ app_init ] --END-- [ RunTime:0.001000s ]

[ 2016-01-28T13:30:06+08:00 ] ::1 /getEchoMusic/getEchoMusicBeta4.0/index.php/Home/Index/index
INFO: [ app_init ] --START--
INFO: Run Behavior\BuildLiteBehavior [ RunTime:0.000000s ]
INFO: [ app_init ] --END-- [ RunTime:0.001000s ]

[ 2016-01-28T13:30:08+08:00 ] ::1 /getEchoMusic/getEchoMusicBeta4.0/index.php/Home/Index/index
INFO: [ app_init ] --START--
INFO: Run Behavior\BuildLiteBehavior [ RunTime:0.000000s ]
INFO: [ app_init ] --END-- [ RunTime:0.001000s ]

[ 2016-01-28T13:30:15+08:00 ] ::1 /getEchoMusic/getEchoMusicBeta4.0/index.php/Home/Index/index
INFO: [ app_init ] --START--
INFO: Run Behavior\BuildLiteBehavior [ RunTime:0.000000s ]
INFO: [ app_init ] --END-- [ RunTime:0.005000s ]

[ 2016-01-28T13:31:02+08:00 ] ::1 /getEchoMusic/getEchoMusicBeta4.0/index.php/Home/Index/index
INFO: [ app_init ] --START--
INFO: Run Behavior\BuildLiteBehavior [ RunTime:0.000000s ]
INFO: [ app_init ] --END-- [ RunTime:0.003001s ]

[ 2016-01-28T13:37:51+08:00 ] ::1 /getEchoMusic/getEchoMusicBeta4.0/index.php/Home/Index/getChannelList
INFO: [ app_init ] --START--
INFO: Run Behavior\BuildLiteBehavior [ RunTime:0.000000s ]
INFO: [ app_init ] --END-- [ RunTime:0.002000s ]

[ 2016-01-28T13:37:52+08:00 ] ::1 /getEchoMusic/getEchoMusicBeta4.0/index.php/Home/Index/%7B%7Bthumb%7D%7DNNNNNNNNNNNNNNN%3Cdiv%20id=
INFO: [ app_init ] --START--
INFO: Run Behavior\BuildLiteBehavior [ RunTime:0.000000s ]
INFO: [ app_init ] --END-- [ RunTime:0.001000s ]
ERR: 非法操作:{{thumb}}NNNNNNNNNNNNNNN

[ 2016-01-28T13:38:16+08:00 ] ::1 /getEchoMusic/getEchoMusicBeta4.0/index.php/Home/Index/getChannelList
INFO: [ app_init ] --START--
INFO: Run Behavior\BuildLiteBehavior [ RunTime:0.000000s ]
INFO: [ app_init ] --END-- [ RunTime:0.001000s ]

[ 2016-01-28T13:38:16+08:00 ] ::1 /getEchoMusic/getEchoMusicBeta4.0/index.php/Home/Index/%7B%7Bthumb%7D%7D%3Cbr%20/%3ENNNNN%3Cbr%20/%3ENNNNN%3Cbr%20/%3ENNNNN%3Cbr%20/%3E%3Cdiv%20id=
INFO: [ app_init ] --START--
INFO: Run Behavior\BuildLiteBehavior [ RunTime:0.000000s ]
INFO: [ app_init ] --END-- [ RunTime:0.001000s ]
ERR: 非法操作:{{thumb}}

[ 2016-01-28T13:39:15+08:00 ] ::1 /getEchoMusic/getEchoMusicBeta4.0/index.php/Home/Index/index
INFO: [ app_init ] --START--
INFO: Run Behavior\BuildLiteBehavior [ RunTime:0.000000s ]
INFO: [ app_init ] --END-- [ RunTime:0.001000s ]

[ 2016-01-28T13:40:19+08:00 ] ::1 /getEchoMusic/getEchoMusicBeta4.0/index.php/Home/Index/index
INFO: [ app_init ] --START--
INFO: Run Behavior\BuildLiteBehavior [ RunTime:0.000000s ]
INFO: [ app_init ] --END-- [ RunTime:0.001000s ]

[ 2016-01-28T14:47:38+08:00 ] ::1 /getEchoMusic/getEchoMusicBeta4.0/index.php/Home/Index/index
INFO: [ app_init ] --START--
INFO: Run Behavior\BuildLiteBehavior [ RunTime:0.000000s ]
INFO: [ app_init ] --END-- [ RunTime:0.000000s ]
ERR: 1146:Table 'echomusic.em_channel_list' doesn't exist
 [ SQL语句 ] : SHOW COLUMNS FROM `em_channel_list`

[ 2016-01-28T14:47:54+08:00 ] ::1 /getEchoMusic/getEchoMusicBeta4.0/index.php/Home/Index/index
INFO: [ app_init ] --START--
INFO: Run Behavior\BuildLiteBehavior [ RunTime:0.000000s ]
INFO: [ app_init ] --END-- [ RunTime:0.001000s ]

[ 2016-01-28T14:50:57+08:00 ] ::1 /getEchoMusic/getEchoMusicBeta4.0/index.php/Home/Index/index
INFO: [ app_init ] --START--
INFO: Run Behavior\BuildLiteBehavior [ RunTime:0.000000s ]
INFO: [ app_init ] --END-- [ RunTime:0.002000s ]

[ 2016-01-28T14:51:25+08:00 ] ::1 /getEchoMusic/getEchoMusicBeta4.0/index.php/Home/Index/index
INFO: [ app_init ] --START--
INFO: Run Behavior\BuildLiteBehavior [ RunTime:0.001000s ]
INFO: [ app_init ] --END-- [ RunTime:0.001000s ]

[ 2016-01-28T14:53:45+08:00 ] ::1 /getEchoMusic/getEchoMusicBeta4.0/index.php/Home/Index/index
INFO: [ app_init ] --START--
INFO: Run Behavior\BuildLiteBehavior [ RunTime:0.000000s ]
INFO: [ app_init ] --END-- [ RunTime:0.001000s ]

[ 2016-01-28T14:54:20+08:00 ] ::1 /getEchoMusic/getEchoMusicBeta4.0/index.php/Home/Index/index
INFO: [ app_init ] --START--
INFO: Run Behavior\BuildLiteBehavior [ RunTime:0.000000s ]
INFO: [ app_init ] --END-- [ RunTime:0.001000s ]

[ 2016-01-28T15:01:08+08:00 ] ::1 /getEchoMusic/getEchoMusicBeta4.0/index.php/Home/Index/index
INFO: [ app_init ] --START--
INFO: Run Behavior\BuildLiteBehavior [ RunTime:0.000000s ]
INFO: [ app_init ] --END-- [ RunTime:0.001000s ]

[ 2016-01-28T15:03:48+08:00 ] ::1 /getEchoMusic/getEchoMusicBeta4.0/index.php/Home/Index/index
INFO: [ app_init ] --START--
INFO: Run Behavior\BuildLiteBehavior [ RunTime:0.000000s ]
INFO: [ app_init ] --END-- [ RunTime:0.001000s ]

[ 2016-01-28T15:10:01+08:00 ] ::1 /getEchoMusic/getEchoMusicBeta4.0/index.php/Home/Index/index
INFO: [ app_init ] --START--
INFO: Run Behavior\BuildLiteBehavior [ RunTime:0.000000s ]
INFO: [ app_init ] --END-- [ RunTime:0.001000s ]

[ 2016-01-28T15:11:25+08:00 ] ::1 /getEchoMusic/getEchoMusicBeta4.0/index.php/Home/Index/index
INFO: [ app_init ] --START--
INFO: Run Behavior\BuildLiteBehavior [ RunTime:0.000000s ]
INFO: [ app_init ] --END-- [ RunTime:0.002000s ]

